<?xml version="1.0" encoding="UTF-8"?>
<testng-results skipped="0" failed="0" total="1" passed="1">
  <reporter-output>
  </reporter-output>
  <suite name="Default suite" duration-ms="24106" started-at="2019-11-15T16:05:15Z" finished-at="2019-11-15T16:05:40Z">
    <groups>
    </groups>
    <test name="Default test" duration-ms="24106" started-at="2019-11-15T16:05:15Z" finished-at="2019-11-15T16:05:40Z">
      <class name="com.training.sanity.tests.MediumSecondShopUniform">
        <test-method status="PASS" signature="setUpBeforeClass()[pri:0, instance:com.training.sanity.tests.MediumSecondShopUniform@a4a92b]" name="setUpBeforeClass" is-config="true" duration-ms="16" started-at="2019-11-15T10:05:15Z" finished-at="2019-11-15T10:05:15Z">
          <reporter-output>
          </reporter-output>
        </test-method> <!-- setUpBeforeClass -->
        <test-method status="PASS" signature="setUp()[pri:0, instance:com.training.sanity.tests.MediumSecondShopUniform@a4a92b]" name="setUp" is-config="true" duration-ms="15097" started-at="2019-11-15T10:05:16Z" finished-at="2019-11-15T10:05:31Z">
          <reporter-output>
          </reporter-output>
        </test-method> <!-- setUp -->
        <test-method status="PASS" signature="shopUniform()[pri:0, instance:com.training.sanity.tests.MediumSecondShopUniform@a4a92b]" name="shopUniform" duration-ms="7980" started-at="2019-11-15T10:05:31Z" finished-at="2019-11-15T10:05:39Z">
          <reporter-output>
          </reporter-output>
        </test-method> <!-- shopUniform -->
        <test-method status="PASS" signature="tearDown()[pri:0, instance:com.training.sanity.tests.MediumSecondShopUniform@a4a92b]" name="tearDown" is-config="true" duration-ms="1002" started-at="2019-11-15T10:05:39Z" finished-at="2019-11-15T10:05:40Z">
          <reporter-output>
          </reporter-output>
        </test-method> <!-- tearDown -->
      </class> <!-- com.training.sanity.tests.MediumSecondShopUniform -->
    </test> <!-- Default test -->
  </suite> <!-- Default suite -->
</testng-results>
